  997  grep replied_to downloaded_tweets_extend_original_nolf2.tsv > replies_original_nolf2.tsv
  998  grep replied_to downloaded_tweets_extend_nolf2.tsv > replies_nolf2.tsv
 1004  awk -F "\t" '($2 != $6) {print $0}' replies_nolf2.tsv > downloaded_tweets_extend_nolf2_REPLIES_NOBOTS.tsv
 1005  awk -F "\t" '($2 != $6) {print $0}' replies_original_nolf2.tsv > downloaded_tweets_extend_original_nolf2_REPLIES_NOBOTS.tsv 
 1006  cat downloaded_tweets_extend_original_nolf2_REPLIES_NOBOTS.tsv downloaded_tweets_extend_nolf2_REPLIES_NOBOTS.tsv > replies_nobots.tsv
 1007  wc -l replies_nobots.tsv 
 1008  awk -F "\t" '{print $6}' replies_nobots.tsv | sort | uniq -c | sort -nr -k 1 > influencers.txt
 1010  awk -F " " '($1 >= 3) {print $2}' influencers.txt > more_influential_users.txt 
 1011  awk -F " " '($1 < 3) {print $2}' influencers.txt > less_influential_users.txt
 1012  wc -l influencers.txt 
 1013  wc -l more_influential_users.txt 
 1014  wc -l less_influential_users.txt 
 1015  awk -F " " '($1 >= 3) {print $1}' influencers.txt | awk '{s+= $1;} END {print s}'
 1016  awk '{print $3}' replies_nobots.tsv | sort | uniq -c | sort -nr -k 1 | head
 1017  history > cmds.log

  997  for INFLUSER in `cat more_influential_users.txt` ; do awk -v VAR=$INFLUSER '($6 = VAR) {print $2}' replies_nobots.tsv; done >> replies_to_infl_users.txt
  998  cat replies_to_infl_users.txt | sort | uniq -c | sort -nr > users_who_replied.txt
  999  wc -l users_who_replied.txt
 1000  history > cmds.log

 1013  for REPLUSER in `cat users_who-replied.txt` ; do awk -v VAR=$REPLUSER '($6 = VAR) {print $6}' replies_nobots.tsv ; done >> replies_to_users_who_replied.txt
 1014  l
 1015  rm replies_to_users_who_replied.txt 
 1016  for REPLUSER in `cat users_who_replied.txt` ; do awk -v VAR=$REPLUSER '($6 = VAR) {print $6}' replies_nobots.tsv ; done >> replies_to_users_who_replied.txt
 1017  l
 1018  vi replies_to_users_who_replied.txt 
 1019  cat replies_to_users_who_replied.txt | sort | uniq -c | sort -nr > replies_to_replies.txt
 1020  l
 1021  wc -l replies_to_replies.txt 
 1022  wc -l users_who_replied.txt 
 1023  history > cmds2.log

  996  awk '{print $3}' replies_nobots.tsv | sort | uniq -c | sort -nr -k 1 | head
  997  history > cmds.log

  998   for INFLUSER in `cat more_influential_users.txt` ; do awk -v VAR=$INFLUSER -F"\t" '($6 = VAR) {print $8}' replies_nobots.tsv ; done >> tweets_infl_users.txt
  999   head -10000 tweets_infl_users.txt | tr -cs A-Za-z '\n' | tr A-Z a-z | fgrep -v -w -f /usr/share/groff/current/eign > temp.txt
 1000   sed -E 's/\b[a-z]\b//g' temp.txt | sed 's/https//g' | sed '/^$/d' | sort | uniq -c | sort -nr | head -20
 1001  history > cmds_22_12_06.log
